1697225708369	geckodriver	INFO	Listening on 127.0.0.1:59021
1697225708373	mozrunner::runner	INFO	Running command: "/usr/lib/firefox/firefox.sh" "--marionette" "--remote-debugging-port" "36141" "--remote-allow-hosts" "localhost" "-no-remote" "-profile" "/tmp/rust_mozprofilehrmOe3"
console.warn: services.settings: Ignoring preference override of remote settings server
console.warn: services.settings: Allow by setting MOZ_REMOTE_SETTINGS_DEVTOOLS=1 in the environment
ATTENTION: default value of option mesa_glthread overridden by environment.
1697225708861	Marionette	INFO	Marionette enabled
ATTENTION: default value of option mesa_glthread overridden by environment.
1697225708917	Marionette	INFO	Listening on port 44429
WebDriver BiDi listening on ws://127.0.0.1:36141
Read port: 44429
1697225709036	RemoteAgent	WARN	TLS certificate errors will be ignored for this session
console.error: ({})
DevTools listening on ws://127.0.0.1:36141/devtools/browser/b5f48134-8a96-401f-b9b9-63a02af32ca3
JavaScript warning: https://www.googletagmanager.com/gtag/js?id=G-WCZ03SZFCQ, line 434: Script terminated by timeout at:
Zv.prototype.flush@https://www.googletagmanager.com/gtag/js?id=G-WCZ03SZFCQ:434:28
oF/<@https://www.googletagmanager.com/gtag/js?id=G-WCZ03SZFCQ:571:117
aa.uk/<@https://www.googletagmanager.com/gtag/js?id=G-WCZ03SZFCQ:523:126
aa.uk/c/<@https://www.googletagmanager.com/gtag/js?id=G-WCZ03SZFCQ:522:420

1697225717431	Marionette	INFO	Stopped listening on port 44429
1697225752612	geckodriver	INFO	Listening on 127.0.0.1:55475
1697225752615	mozrunner::runner	INFO	Running command: "/usr/lib/firefox/firefox.sh" "--marionette" "--remote-debugging-port" "52533" "--remote-allow-hosts" "localhost" "-no-remote" "-profile" "/tmp/rust_mozprofileGuVdod"
console.warn: services.settings: Ignoring preference override of remote settings server
console.warn: services.settings: Allow by setting MOZ_REMOTE_SETTINGS_DEVTOOLS=1 in the environment
ATTENTION: default value of option mesa_glthread overridden by environment.
1697225753108	Marionette	INFO	Marionette enabled
ATTENTION: default value of option mesa_glthread overridden by environment.
1697225753164	Marionette	INFO	Listening on port 46405
WebDriver BiDi listening on ws://127.0.0.1:52533
Read port: 46405
1697225753288	RemoteAgent	WARN	TLS certificate errors will be ignored for this session
console.error: ({})
DevTools listening on ws://127.0.0.1:52533/devtools/browser/342696a1-fe0c-4bd0-8c4f-c2a33105485c
JavaScript warning: https://www.googletagmanager.com/gtag/js?id=G-WCZ03SZFCQ, line 524: Script terminated by timeout at:
aa.nh@https://www.googletagmanager.com/gtag/js?id=G-WCZ03SZFCQ:524:42
get@https://www.googletagmanager.com/gtag/js?id=G-WCZ03SZFCQ:522:119
stop@https://www.googletagmanager.com/gtag/js?id=G-WCZ03SZFCQ:522:87
aa.uk/c/<@https://www.googletagmanager.com/gtag/js?id=G-WCZ03SZFCQ:522:412

1697225764498	Marionette	INFO	Stopped listening on port 46405
